<?xml version="1.0" encoding="UTF-8"?>
<!-- Generated by org.testng.reporters.JUnitReportReporter -->
<testsuite skipped="0" hostname="TYSS-TR-0021" name="com.maven.test.CustomerTest" tests="2" failures="0" timestamp="24 Apr 2018 10:42:59 GMT" time="0.011" errors="0">
  <testcase name="testcreateCustomer" time="0.003" classname="com.maven.test.CustomerTest"/>
  <testcase name="testDeleteCustomer" time="0.008" classname="com.maven.test.CustomerTest"/>
</testsuite> <!-- com.maven.test.CustomerTest -->
